<?xml version="1.0" encoding="UTF-8"?>
<testng-results skipped="0" failed="0" ignored="0" total="1" passed="1">
  <reporter-output>
  </reporter-output>
  <suite name="Default suite" duration-ms="6219" started-at="2022-03-02T11:17:43 SGT" finished-at="2022-03-02T11:17:50 SGT">
    <groups>
    </groups>
    <test name="Default test" duration-ms="6219" started-at="2022-03-02T11:17:43 SGT" finished-at="2022-03-02T11:17:50 SGT">
      <class name="Testapi.Testapi.Testeq">
        <test-method status="PASS" signature="user()[pri:0, instance:Testapi.Testapi.Testeq@a7e666]" name="user" duration-ms="6186" started-at="2022-03-02T11:17:43 SGT" finished-at="2022-03-02T11:17:50 SGT">
          <reporter-output>
          </reporter-output>
        </test-method> <!-- user -->
      </class> <!-- Testapi.Testapi.Testeq -->
    </test> <!-- Default test -->
  </suite> <!-- Default suite -->
</testng-results>
